<!DOCTYPE html PUBLIC "-//W3C//DTD XHTML 1.1//EN" "https://www.w3.org/TR/xhtml11/DTD/xhtml11.dtd">
<html xmlns="https://www.w3.org/1999/xhtml">
<head>
<meta http-equiv="content-type" content="text/html; charset=UTF-8"/>
<title>TestNG Report</title>
<style type="text/css">table {margin-bottom:10px;border-collapse:collapse;empty-cells:show}th,td {border:1px solid #009;padding:.25em .5em}th {vertical-align:bottom}td {vertical-align:top}table a {font-weight:bold}.stripe td {background-color: #E6EBF9}.num {text-align:right}.passedodd td {background-color: #3F3}.passedeven td {background-color: #0A0}.skippedodd td {background-color: #DDD}.skippedeven td {background-color: #CCC}.failedodd td,.attn {background-color: #F33}.failedeven td,.stripe .attn {background-color: #D00}.stacktrace {white-space:pre;font-family:monospace}.totop {font-size:85%;text-align:center;border-bottom:2px solid #000}.invisible {display:none}</style>
</head>
<body>
<table>
<tr><th>Test</th><th># Passed</th><th># Skipped</th><th># Retried</th><th># Failed</th><th>Time (ms)</th><th>Included Groups</th><th>Excluded Groups</th></tr>
<tr><th colspan="8">Flipkart Automation Suite</th></tr>
<tr><td><a href="#t0">AdvertisePageTest</a></td><td class="num">2</td><td class="num">0</td><td class="num">0</td><td class="num attn">1</td><td class="num">33,821</td><td>advertise</td><td></td></tr>
<tr class="stripe"><td><a href="#t1">CartTest</a></td><td class="num">3</td><td class="num">0</td><td class="num">0</td><td class="num">0</td><td class="num">53,085</td><td>cart</td><td></td></tr>
<tr><td><a href="#t2">GroceryTest</a></td><td class="num">3</td><td class="num">0</td><td class="num">0</td><td class="num">0</td><td class="num">29,185</td><td>grocery</td><td></td></tr>
<tr class="stripe"><td><a href="#t3">HelpPageTest</a></td><td class="num">2</td><td class="num">0</td><td class="num">0</td><td class="num">0</td><td class="num">18,430</td><td>help</td><td></td></tr>
<tr><td><a href="#t4">HomeTest</a></td><td class="num">3</td><td class="num">0</td><td class="num">0</td><td class="num">0</td><td class="num">35,546</td><td>home</td><td></td></tr>
<tr class="stripe"><td><a href="#t5">LoginTest</a></td><td class="num">1</td><td class="num">0</td><td class="num">0</td><td class="num">0</td><td class="num">11,220</td><td>login</td><td></td></tr>
<tr><td><a href="#t6">SellerRegisterPageTest</a></td><td class="num">1</td><td class="num">0</td><td class="num">0</td><td class="num">0</td><td class="num">15,334</td><td>sellerRegister</td><td></td></tr>
<tr class="stripe"><td><a href="#t7">SellerTest</a></td><td class="num">3</td><td class="num">0</td><td class="num">0</td><td class="num attn">1</td><td class="num">63,502</td><td>seller</td><td></td></tr>
<tr><th>Total</th><th class="num">18</th><th class="num">0</th><th class="num">0</th><th class="num attn">2</th><th class="num">260,123</th><th colspan="2"></th></tr>
</table>
<table id='summary'><thead><tr><th>Class</th><th>Method</th><th>Start</th><th>Time (ms)</th></tr></thead><tbody><tr><th colspan="4">Flipkart Automation Suite</th></tr></tbody><tbody id="t0"><tr><th colspan="4">AdvertisePageTest &#8212; failed</th></tr><tr class="failedeven"><td rowspan="1">com.flipkart.tests.AdvertisePageTest</td><td><a href="#m0">testAdsResetPasswordFunctionality</a></td><td rowspan="1">1718363480157</td><td rowspan="1">2827</td></tr><tr><th colspan="4">AdvertisePageTest &#8212; passed</th></tr><tr class="passedeven"><td rowspan="2">com.flipkart.tests.AdvertisePageTest</td><td><a href="#m1">testAdsEmptyResetPasswordFunctionality</a></td><td rowspan="1">1718363490044</td><td rowspan="1">2156</td></tr><tr class="passedeven"><td><a href="#m2">testInvalidLoginFunctionalityonAdsPage</a></td><td rowspan="1">1718363468920</td><td rowspan="1">3652</td></tr></tbody>
<tbody id="t1"><tr><th colspan="4">CartTest &#8212; passed</th></tr><tr class="passedeven"><td rowspan="3">com.flipkart.tests.CartTest</td><td><a href="#m3">testAddProductToCart</a></td><td rowspan="1">1718363497327</td><td rowspan="1">14106</td></tr><tr class="passedeven"><td><a href="#m4">testBuyNowBtnFunctionality</a></td><td rowspan="1">1718363536501</td><td rowspan="1">8844</td></tr><tr class="passedeven"><td><a href="#m5">testRemoveProductFromCart</a></td><td rowspan="1">1718363517736</td><td rowspan="1">12311</td></tr></tbody>
<tbody id="t2"><tr><th colspan="4">GroceryTest &#8212; passed</th></tr><tr class="passedeven"><td rowspan="3">com.flipkart.tests.GroceryTest</td><td><a href="#m6">testGroceryInValidPincode</a></td><td rowspan="1">1718363563294</td><td rowspan="1">2485</td></tr><tr class="passedeven"><td><a href="#m7">testGrocerySearchBarFunctionality</a></td><td rowspan="1">1718363572126</td><td rowspan="1">2286</td></tr><tr class="passedeven"><td><a href="#m8">testGroceryValidPincode</a></td><td rowspan="1">1718363551918</td><td rowspan="1">4257</td></tr></tbody>
<tbody id="t3"><tr><th colspan="4">HelpPageTest &#8212; passed</th></tr><tr class="passedeven"><td rowspan="2">com.flipkart.tests.HelpPageTest</td><td><a href="#m9">testHelpPageFeedbackNoBtnFunctionality</a></td><td rowspan="1">1718363589715</td><td rowspan="1">3388</td></tr><tr class="passedeven"><td><a href="#m10">testHelpPageFeedbackYesBtnFunctionality</a></td><td rowspan="1">1718363581045</td><td rowspan="1">2620</td></tr></tbody>
<tbody id="t4"><tr><th colspan="4">HomeTest &#8212; passed</th></tr><tr class="passedeven"><td rowspan="3">com.flipkart.tests.HomeTest</td><td><a href="#m11">testFlipkartLogoVisibility</a></td><td rowspan="1">1718363599427</td><td rowspan="1">232</td></tr><tr class="passedeven"><td><a href="#m12">testSearchBarFunctionality</a></td><td rowspan="1">1718363606015</td><td rowspan="1">2904</td></tr><tr class="passedeven"><td><a href="#m13">testSearchWithMisspelledQueries</a></td><td rowspan="1">1718363615410</td><td rowspan="1">12770</td></tr></tbody>
<tbody id="t5"><tr><th colspan="4">LoginTest &#8212; passed</th></tr><tr class="passedeven"><td rowspan="1">com.flipkart.tests.LoginTest</td><td><a href="#m14">testInvalidLoginFunctionality</a></td><td rowspan="1">1718363635526</td><td rowspan="1">4009</td></tr></tbody>
<tbody id="t6"><tr><th colspan="4">SellerRegisterPageTest &#8212; passed</th></tr><tr class="passedeven"><td rowspan="1">com.flipkart.tests.SellerRegisterPageTest</td><td><a href="#m15">testInvalidOtpFunctionality</a></td><td rowspan="1">1718363646419</td><td rowspan="1">8685</td></tr></tbody>
<tbody id="t7"><tr><th colspan="4">SellerTest &#8212; failed</th></tr><tr class="failedeven"><td rowspan="1">com.flipkart.tests.SellerTest</td><td><a href="#m16">testSellerLoginFunctionality</a></td><td rowspan="1">1718363669893</td><td rowspan="1">24710</td></tr><tr><th colspan="4">SellerTest &#8212; passed</th></tr><tr class="passedeven"><td rowspan="3">com.flipkart.tests.SellerTest</td><td><a href="#m17">testSellerBtnPresence</a></td><td rowspan="1">1718363663151</td><td rowspan="1">259</td></tr><tr class="passedeven"><td><a href="#m18">testSellerResetPasswordFunctionality</a></td><td rowspan="1">1718363701722</td><td rowspan="1">6474</td></tr><tr class="passedeven"><td><a href="#m19">testStartSellingBtnPresence</a></td><td rowspan="1">1718363714822</td><td rowspan="1">3670</td></tr></tbody>
</table>
<h2>AdvertisePageTest</h2><h3 id="m0">com.flipkart.tests.AdvertisePageTest#testAdsResetPasswordFunctionality</h3><table class="result"><tr><th>Exception</th></tr><tr><td><div class="stacktrace">org.openqa.selenium.StaleElementReferenceException: stale element reference: stale element not found in the current frame
  (Session info: chrome=126.0.6478.62)
For documentation on this error, please visit: https://www.selenium.dev/documentation/webdriver/troubleshooting/errors#stale-element-reference-exception
Build info: version: &apos;4.19.1&apos;, revision: &apos;abe0ee07dc&apos;
System info: os.name: &apos;Windows 10&apos;, os.arch: &apos;amd64&apos;, os.version: &apos;10.0&apos;, java.version: &apos;11.0.1&apos;
Driver info: org.openqa.selenium.chrome.ChromeDriver
Command: [de1e6aae536c269079d9f31997513447, isElementDisplayed {id=f.1ABB92403013D5D4F727538F90FE745A.d.CA03D57860155BB70414E2DECAE94CF7.e.130}]
Capabilities {acceptInsecureCerts: false, browserName: chrome, browserVersion: 126.0.6478.62, chrome: {chromedriverVersion: 126.0.6478.61 (8dc092df54ce..., userDataDir: C:\Users\AASHIS~1\AppData\L...}, fedcm:accounts: true, goog:chromeOptions: {debuggerAddress: localhost:55878}, networkConnectionEnabled: false, pageLoadStrategy: normal, platformName: windows, proxy: Proxy(), se:cdp: ws://localhost:55878/devtoo..., se:cdpVersion: 126.0.6478.62, setWindowRect: true, strictFileInteractability: false, timeouts: {implicit: 0, pageLoad: 300000, script: 30000}, unhandledPromptBehavior: dismiss and notify, webauthn:extension:credBlob: true, webauthn:extension:largeBlob: true, webauthn:extension:minPinLength: true, webauthn:extension:prf: true, webauthn:virtualAuthenticators: true}
Element: [[ChromeDriver: chrome on windows (de1e6aae536c269079d9f31997513447)] -&gt; css selector: .styles__Heading-sc-18s7njp-7.erLrxD]
Session ID: de1e6aae536c269079d9f31997513447
	at org.openqa.selenium.remote.ErrorCodec.decode(ErrorCodec.java:167)
	at org.openqa.selenium.remote.codec.w3c.W3CHttpResponseCodec.decode(W3CHttpResponseCodec.java:138)
	at org.openqa.selenium.remote.codec.w3c.W3CHttpResponseCodec.decode(W3CHttpResponseCodec.java:50)
	at org.openqa.selenium.remote.HttpCommandExecutor.execute(HttpCommandExecutor.java:190)
	at org.openqa.selenium.remote.service.DriverCommandExecutor.invokeExecute(DriverCommandExecutor.java:216)
	at org.openqa.selenium.remote.service.DriverCommandExecutor.execute(DriverCommandExecutor.java:174)
	at org.openqa.selenium.remote.RemoteWebDriver.execute(RemoteWebDriver.java:518)
	at org.openqa.selenium.remote.RemoteWebElement.execute(RemoteWebElement.java:223)
	at org.openqa.selenium.remote.RemoteWebElement.isDisplayed(RemoteWebElement.java:282)
	at org.openqa.selenium.support.pagefactory.internal.LocatingElementHandler.invoke(LocatingElementHandler.java:51)
	at com.sun.proxy.$Proxy27.isDisplayed(Unknown Source)
	at org.openqa.selenium.support.ui.ExpectedConditions.elementIfVisible(ExpectedConditions.java:304)
	at org.openqa.selenium.support.ui.ExpectedConditions$10.apply(ExpectedConditions.java:290)
	at org.openqa.selenium.support.ui.ExpectedConditions$10.apply(ExpectedConditions.java:287)
	at org.openqa.selenium.support.ui.FluentWait.until(FluentWait.java:203)
	at com.flipkart.utils.WaitUtils.waitForElementToBeVisible(WaitUtils.java:14)
	at com.flipkart.pages.AdvertisePage.isResetPasswordPageDisplayed(AdvertisePage.java:101)
	at com.flipkart.tests.AdvertisePageTest.testAdsResetPasswordFunctionality(AdvertisePageTest.java:75)
	at java.base/java.util.ArrayList.forEach(ArrayList.java:1540)
... Removed 39 stack frames</div></td></tr></table><p class="totop"><a href="#summary">back to summary</a></p>
<h3 id="m1">com.flipkart.tests.AdvertisePageTest#testAdsEmptyResetPasswordFunctionality</h3><table class="result"><tr><th class="invisible"/></tr></table><p class="totop"><a href="#summary">back to summary</a></p>
<h3 id="m2">com.flipkart.tests.AdvertisePageTest#testInvalidLoginFunctionalityonAdsPage</h3><table class="result"><tr><th class="invisible"/></tr></table><p class="totop"><a href="#summary">back to summary</a></p>
<h2>CartTest</h2><h3 id="m3">com.flipkart.tests.CartTest#testAddProductToCart</h3><table class="result"><tr><th class="invisible"/></tr></table><p class="totop"><a href="#summary">back to summary</a></p>
<h3 id="m4">com.flipkart.tests.CartTest#testBuyNowBtnFunctionality</h3><table class="result"><tr><th class="invisible"/></tr></table><p class="totop"><a href="#summary">back to summary</a></p>
<h3 id="m5">com.flipkart.tests.CartTest#testRemoveProductFromCart</h3><table class="result"><tr><th class="invisible"/></tr></table><p class="totop"><a href="#summary">back to summary</a></p>
<h2>GroceryTest</h2><h3 id="m6">com.flipkart.tests.GroceryTest#testGroceryInValidPincode</h3><table class="result"><tr><th class="invisible"/></tr></table><p class="totop"><a href="#summary">back to summary</a></p>
<h3 id="m7">com.flipkart.tests.GroceryTest#testGrocerySearchBarFunctionality</h3><table class="result"><tr><th class="invisible"/></tr></table><p class="totop"><a href="#summary">back to summary</a></p>
<h3 id="m8">com.flipkart.tests.GroceryTest#testGroceryValidPincode</h3><table class="result"><tr><th class="invisible"/></tr></table><p class="totop"><a href="#summary">back to summary</a></p>
<h2>HelpPageTest</h2><h3 id="m9">com.flipkart.tests.HelpPageTest#testHelpPageFeedbackNoBtnFunctionality</h3><table class="result"><tr><th class="invisible"/></tr></table><p class="totop"><a href="#summary">back to summary</a></p>
<h3 id="m10">com.flipkart.tests.HelpPageTest#testHelpPageFeedbackYesBtnFunctionality</h3><table class="result"><tr><th class="invisible"/></tr></table><p class="totop"><a href="#summary">back to summary</a></p>
<h2>HomeTest</h2><h3 id="m11">com.flipkart.tests.HomeTest#testFlipkartLogoVisibility</h3><table class="result"><tr><th class="invisible"/></tr></table><p class="totop"><a href="#summary">back to summary</a></p>
<h3 id="m12">com.flipkart.tests.HomeTest#testSearchBarFunctionality</h3><table class="result"><tr><th class="invisible"/></tr></table><p class="totop"><a href="#summary">back to summary</a></p>
<h3 id="m13">com.flipkart.tests.HomeTest#testSearchWithMisspelledQueries</h3><table class="result"><tr><th class="invisible"/></tr></table><p class="totop"><a href="#summary">back to summary</a></p>
<h2>LoginTest</h2><h3 id="m14">com.flipkart.tests.LoginTest#testInvalidLoginFunctionality</h3><table class="result"><tr><th class="invisible"/></tr></table><p class="totop"><a href="#summary">back to summary</a></p>
<h2>SellerRegisterPageTest</h2><h3 id="m15">com.flipkart.tests.SellerRegisterPageTest#testInvalidOtpFunctionality</h3><table class="result"><tr><th class="invisible"/></tr></table><p class="totop"><a href="#summary">back to summary</a></p>
<h2>SellerTest</h2><h3 id="m16">com.flipkart.tests.SellerTest#testSellerLoginFunctionality</h3><table class="result"><tr><th>Exception</th></tr><tr><td><div class="stacktrace">org.openqa.selenium.TimeoutException: Expected condition failed: waiting for visibility of Proxy element for: DefaultElementLocator &apos;By.xpath: //div[normalize-space()=&apos;Wrong user details. Please enter correct details to log in.*&apos;]&apos; (tried for 10 second(s) with 500 milliseconds interval)
	at org.openqa.selenium.support.ui.WebDriverWait.timeoutException(WebDriverWait.java:84)
	at org.openqa.selenium.support.ui.FluentWait.until(FluentWait.java:228)
	at com.flipkart.utils.WaitUtils.waitForElementToBeVisible(WaitUtils.java:14)
	at com.flipkart.pages.SellerPage.isCredentialsValid(SellerPage.java:121)
	at com.flipkart.tests.SellerTest.testSellerLoginFunctionality(SellerTest.java:63)
	at java.base/java.util.ArrayList.forEach(ArrayList.java:1540)
Caused by: org.openqa.selenium.NoSuchElementException: no such element: Unable to locate element: {&quot;method&quot;:&quot;xpath&quot;,&quot;selector&quot;:&quot;//div[normalize-space()=&apos;Wrong user details. Please enter correct details to log in.*&apos;]&quot;}
  (Session info: chrome=126.0.6478.62)
For documentation on this error, please visit: https://www.selenium.dev/documentation/webdriver/troubleshooting/errors#no-such-element-exception
Build info: version: &apos;4.19.1&apos;, revision: &apos;abe0ee07dc&apos;
System info: os.name: &apos;Windows 10&apos;, os.arch: &apos;amd64&apos;, os.version: &apos;10.0&apos;, java.version: &apos;11.0.1&apos;
Driver info: org.openqa.selenium.chrome.ChromeDriver
Command: [b5433df722461a9235d9df3563a62390, findElement {value=//div[normalize-space()=&apos;Wrong user details. Please enter correct details to log in.*&apos;], using=xpath}]
Capabilities {acceptInsecureCerts: false, browserName: chrome, browserVersion: 126.0.6478.62, chrome: {chromedriverVersion: 126.0.6478.61 (8dc092df54ce..., userDataDir: C:\Users\AASHIS~1\AppData\L...}, fedcm:accounts: true, goog:chromeOptions: {debuggerAddress: localhost:56842}, networkConnectionEnabled: false, pageLoadStrategy: normal, platformName: windows, proxy: Proxy(), se:cdp: ws://localhost:56842/devtoo..., se:cdpVersion: 126.0.6478.62, setWindowRect: true, strictFileInteractability: false, timeouts: {implicit: 0, pageLoad: 300000, script: 30000}, unhandledPromptBehavior: dismiss and notify, webauthn:extension:credBlob: true, webauthn:extension:largeBlob: true, webauthn:extension:minPinLength: true, webauthn:extension:prf: true, webauthn:virtualAuthenticators: true}
Session ID: b5433df722461a9235d9df3563a62390
	at org.openqa.selenium.remote.ErrorCodec.decode(ErrorCodec.java:167)
	at org.openqa.selenium.remote.codec.w3c.W3CHttpResponseCodec.decode(W3CHttpResponseCodec.java:138)
	at org.openqa.selenium.remote.codec.w3c.W3CHttpResponseCodec.decode(W3CHttpResponseCodec.java:50)
	at org.openqa.selenium.remote.HttpCommandExecutor.execute(HttpCommandExecutor.java:190)
	at org.openqa.selenium.remote.service.DriverCommandExecutor.invokeExecute(DriverCommandExecutor.java:216)
	at org.openqa.selenium.remote.service.DriverCommandExecutor.execute(DriverCommandExecutor.java:174)
	at org.openqa.selenium.remote.RemoteWebDriver.execute(RemoteWebDriver.java:518)
	at org.openqa.selenium.remote.ElementLocation$ElementFinder$2.findElement(ElementLocation.java:165)
	at org.openqa.selenium.remote.ElementLocation.findElement(ElementLocation.java:59)
	at org.openqa.selenium.remote.RemoteWebDriver.findElement(RemoteWebDriver.java:355)
	at org.openqa.selenium.remote.RemoteWebDriver.findElement(RemoteWebDriver.java:349)
	at org.openqa.selenium.support.pagefactory.DefaultElementLocator.findElement(DefaultElementLocator.java:68)
	at org.openqa.selenium.support.pagefactory.internal.LocatingElementHandler.invoke(LocatingElementHandler.java:38)
	at com.sun.proxy.$Proxy27.isDisplayed(Unknown Source)
	at org.openqa.selenium.support.ui.ExpectedConditions.elementIfVisible(ExpectedConditions.java:304)
	at org.openqa.selenium.support.ui.ExpectedConditions$10.apply(ExpectedConditions.java:290)
	at org.openqa.selenium.support.ui.ExpectedConditions$10.apply(ExpectedConditions.java:287)
	at org.openqa.selenium.support.ui.FluentWait.until(FluentWait.java:203)
	... 35 more
... Removed 35 stack frames</div></td></tr></table><p class="totop"><a href="#summary">back to summary</a></p>
<h3 id="m17">com.flipkart.tests.SellerTest#testSellerBtnPresence</h3><table class="result"><tr><th class="invisible"/></tr></table><p class="totop"><a href="#summary">back to summary</a></p>
<h3 id="m18">com.flipkart.tests.SellerTest#testSellerResetPasswordFunctionality</h3><table class="result"><tr><th class="invisible"/></tr></table><p class="totop"><a href="#summary">back to summary</a></p>
<h3 id="m19">com.flipkart.tests.SellerTest#testStartSellingBtnPresence</h3><table class="result"><tr><th class="invisible"/></tr></table><p class="totop"><a href="#summary">back to summary</a></p>
</body>
</html>
