<!DOCTYPE html>

<html>
  <head>
  <meta charset='utf-8'>
  <title>TestNG reports</title>

    <link type="text/css" href="testng-reports1.css" rel="stylesheet" id="ultra" />
    <link type="text/css" href="testng-reports.css" rel="stylesheet" id="retro" disabled="false"/>
    <script type="text/javascript" src="jquery-3.6.0.min.js"></script>
    <script type="text/javascript" src="testng-reports.js"></script>
    <script type="text/javascript" src="https://www.google.com/jsapi"></script>
    <script type='text/javascript'>
      google.load('visualization', '1', {packages:['table']});
      google.setOnLoadCallback(drawTable);
      var suiteTableInitFunctions = new Array();
      var suiteTableData = new Array();
    </script>
    <!--
      <script type="text/javascript" src="jquery-ui/js/jquery-ui-1.8.16.custom.min.js"></script>
     -->
  </head>

  <body>    <div class="top-banner-root">
      <span class="top-banner-title-font">Test results</span>
      <button id="button" class="button">Switch Retro Theme</button> <!-- button -->
      <br/>
      <span class="top-banner-font-1">1 suite, 2 failed tests</span>
    </div> <!-- top-banner-root -->
    <div class="navigator-root">
      <div class="navigator-suite-header">
        <span>All suites</span>
        <a href="#" title="Collapse/expand all the suites" class="collapse-all-link">
          <img src="collapseall.gif" class="collapse-all-icon">
          </img> <!-- collapse-all-icon -->
        </a> <!-- collapse-all-link -->
      </div> <!-- navigator-suite-header -->
      <div class="suite">
        <div class="rounded-window">
          <div class="suite-header light-rounded-window-top">
            <a href="#" panel-name="suite-Flipkart_Automation_Suite" class="navigator-link">
              <span class="suite-name border-failed">Flipkart Automation Suite</span>
            </a> <!-- navigator-link -->
          </div> <!-- suite-header light-rounded-window-top -->
          <div class="navigator-suite-content">
            <div class="suite-section-title">
              <span>Info</span>
            </div> <!-- suite-section-title -->
            <div class="suite-section-content">
              <ul>
                <li>
                  <a href="#" panel-name="test-xml-Flipkart_Automation_Suite" class="navigator-link ">
                    <span>C:\Users\aashishkumar01\eclipse-workspace\FlipkartTesting\src\test\resources\testng.xml</span>
                  </a> <!-- navigator-link  -->
                </li>
                <li>
                  <a href="#" panel-name="testlist-Flipkart_Automation_Suite" class="navigator-link ">
                    <span class="test-stats">8 tests</span>
                  </a> <!-- navigator-link  -->
                </li>
                <li>
                  <a href="#" panel-name="group-Flipkart_Automation_Suite" class="navigator-link ">
                    <span>8 groups</span>
                  </a> <!-- navigator-link  -->
                </li>
                <li>
                  <a href="#" panel-name="times-Flipkart_Automation_Suite" class="navigator-link ">
                    <span>Times</span>
                  </a> <!-- navigator-link  -->
                </li>
                <li>
                  <a href="#" panel-name="reporter-Flipkart_Automation_Suite" class="navigator-link ">
                    <span>Reporter output</span>
                  </a> <!-- navigator-link  -->
                </li>
                <li>
                  <a href="#" panel-name="ignored-methods-Flipkart_Automation_Suite" class="navigator-link ">
                    <span>Ignored methods</span>
                  </a> <!-- navigator-link  -->
                </li>
                <li>
                  <a href="#" panel-name="chronological-Flipkart_Automation_Suite" class="navigator-link ">
                    <span>Chronological view</span>
                  </a> <!-- navigator-link  -->
                </li>
              </ul>
            </div> <!-- suite-section-content -->
            <div class="result-section">
              <div class="suite-section-title">
                <span>Results</span>
              </div> <!-- suite-section-title -->
              <div class="suite-section-content">
                <ul>
                  <li>
                    <span class="method-stats">20 methods, 2 failed,   18 passed</span>
                  </li>
                  <li>
                    <span class="method-list-title failed">Failed methods</span>
                    <span class="show-or-hide-methods failed">
                      <a href="#" panel-name="suite-Flipkart_Automation_Suite" class="hide-methods failed suite-Flipkart_Automation_Suite"> (hide)</a> <!-- hide-methods failed suite-Flipkart_Automation_Suite -->
                      <a href="#" panel-name="suite-Flipkart_Automation_Suite" class="show-methods failed suite-Flipkart_Automation_Suite"> (show)</a> <!-- show-methods failed suite-Flipkart_Automation_Suite -->
                    </span>
                    <div class="method-list-content failed suite-Flipkart_Automation_Suite">
                      <span>
                        <img src="failed.png" width="3%"/>
                        <a href="#" panel-name="suite-Flipkart_Automation_Suite" title="com.flipkart.tests.AdvertisePageTest" class="method navigator-link" hash-for-method="testAdsResetPasswordFunctionality">testAdsResetPasswordFunctionality</a> <!-- method navigator-link -->
                      </span>
                      <br/>
                      <span>
                        <img src="failed.png" width="3%"/>
                        <a href="#" panel-name="suite-Flipkart_Automation_Suite" title="com.flipkart.tests.SellerTest" class="method navigator-link" hash-for-method="testSellerLoginFunctionality">testSellerLoginFunctionality</a> <!-- method navigator-link -->
                      </span>
                      <br/>
                    </div> <!-- method-list-content failed suite-Flipkart_Automation_Suite -->
                  </li>
                  <li>
                    <span class="method-list-title passed">Passed methods</span>
                    <span class="show-or-hide-methods passed">
                      <a href="#" panel-name="suite-Flipkart_Automation_Suite" class="hide-methods passed suite-Flipkart_Automation_Suite"> (hide)</a> <!-- hide-methods passed suite-Flipkart_Automation_Suite -->
                      <a href="#" panel-name="suite-Flipkart_Automation_Suite" class="show-methods passed suite-Flipkart_Automation_Suite"> (show)</a> <!-- show-methods passed suite-Flipkart_Automation_Suite -->
                    </span>
                    <div class="method-list-content passed suite-Flipkart_Automation_Suite">
                      <span>
                        <img src="passed.png" width="3%"/>
                        <a href="#" panel-name="suite-Flipkart_Automation_Suite" title="com.flipkart.tests.CartTest" class="method navigator-link" hash-for-method="testAddProductToCart">testAddProductToCart</a> <!-- method navigator-link -->
                      </span>
                      <br/>
                      <span>
                        <img src="passed.png" width="3%"/>
                        <a href="#" panel-name="suite-Flipkart_Automation_Suite" title="com.flipkart.tests.AdvertisePageTest" class="method navigator-link" hash-for-method="testAdsEmptyResetPasswordFunctionality">testAdsEmptyResetPasswordFunctionality</a> <!-- method navigator-link -->
                      </span>
                      <br/>
                      <span>
                        <img src="passed.png" width="3%"/>
                        <a href="#" panel-name="suite-Flipkart_Automation_Suite" title="com.flipkart.tests.CartTest" class="method navigator-link" hash-for-method="testBuyNowBtnFunctionality">testBuyNowBtnFunctionality</a> <!-- method navigator-link -->
                      </span>
                      <br/>
                      <span>
                        <img src="passed.png" width="3%"/>
                        <a href="#" panel-name="suite-Flipkart_Automation_Suite" title="com.flipkart.tests.HomeTest" class="method navigator-link" hash-for-method="testFlipkartLogoVisibility">testFlipkartLogoVisibility</a> <!-- method navigator-link -->
                      </span>
                      <br/>
                      <span>
                        <img src="passed.png" width="3%"/>
                        <a href="#" panel-name="suite-Flipkart_Automation_Suite" title="com.flipkart.tests.GroceryTest" class="method navigator-link" hash-for-method="testGroceryInValidPincode">testGroceryInValidPincode</a> <!-- method navigator-link -->
                      </span>
                      <br/>
                      <span>
                        <img src="passed.png" width="3%"/>
                        <a href="#" panel-name="suite-Flipkart_Automation_Suite" title="com.flipkart.tests.GroceryTest" class="method navigator-link" hash-for-method="testGrocerySearchBarFunctionality">testGrocerySearchBarFunctionality</a> <!-- method navigator-link -->
                      </span>
                      <br/>
                      <span>
                        <img src="passed.png" width="3%"/>
                        <a href="#" panel-name="suite-Flipkart_Automation_Suite" title="com.flipkart.tests.GroceryTest" class="method navigator-link" hash-for-method="testGroceryValidPincode">testGroceryValidPincode</a> <!-- method navigator-link -->
                      </span>
                      <br/>
                      <span>
                        <img src="passed.png" width="3%"/>
                        <a href="#" panel-name="suite-Flipkart_Automation_Suite" title="com.flipkart.tests.HelpPageTest" class="method navigator-link" hash-for-method="testHelpPageFeedbackNoBtnFunctionality">testHelpPageFeedbackNoBtnFunctionality</a> <!-- method navigator-link -->
                      </span>
                      <br/>
                      <span>
                        <img src="passed.png" width="3%"/>
                        <a href="#" panel-name="suite-Flipkart_Automation_Suite" title="com.flipkart.tests.HelpPageTest" class="method navigator-link" hash-for-method="testHelpPageFeedbackYesBtnFunctionality">testHelpPageFeedbackYesBtnFunctionality</a> <!-- method navigator-link -->
                      </span>
                      <br/>
                      <span>
                        <img src="passed.png" width="3%"/>
                        <a href="#" panel-name="suite-Flipkart_Automation_Suite" title="com.flipkart.tests.LoginTest" class="method navigator-link" hash-for-method="testInvalidLoginFunctionality">testInvalidLoginFunctionality</a> <!-- method navigator-link -->
                      </span>
                      <br/>
                      <span>
                        <img src="passed.png" width="3%"/>
                        <a href="#" panel-name="suite-Flipkart_Automation_Suite" title="com.flipkart.tests.AdvertisePageTest" class="method navigator-link" hash-for-method="testInvalidLoginFunctionalityonAdsPage">testInvalidLoginFunctionalityonAdsPage</a> <!-- method navigator-link -->
                      </span>
                      <br/>
                      <span>
                        <img src="passed.png" width="3%"/>
                        <a href="#" panel-name="suite-Flipkart_Automation_Suite" title="com.flipkart.tests.SellerRegisterPageTest" class="method navigator-link" hash-for-method="testInvalidOtpFunctionality">testInvalidOtpFunctionality</a> <!-- method navigator-link -->
                      </span>
                      <br/>
                      <span>
                        <img src="passed.png" width="3%"/>
                        <a href="#" panel-name="suite-Flipkart_Automation_Suite" title="com.flipkart.tests.CartTest" class="method navigator-link" hash-for-method="testRemoveProductFromCart">testRemoveProductFromCart</a> <!-- method navigator-link -->
                      </span>
                      <br/>
                      <span>
                        <img src="passed.png" width="3%"/>
                        <a href="#" panel-name="suite-Flipkart_Automation_Suite" title="com.flipkart.tests.HomeTest" class="method navigator-link" hash-for-method="testSearchBarFunctionality">testSearchBarFunctionality</a> <!-- method navigator-link -->
                      </span>
                      <br/>
                      <span>
                        <img src="passed.png" width="3%"/>
                        <a href="#" panel-name="suite-Flipkart_Automation_Suite" title="com.flipkart.tests.HomeTest" class="method navigator-link" hash-for-method="testSearchWithMisspelledQueries">testSearchWithMisspelledQueries</a> <!-- method navigator-link -->
                      </span>
                      <br/>
                      <span>
                        <img src="passed.png" width="3%"/>
                        <a href="#" panel-name="suite-Flipkart_Automation_Suite" title="com.flipkart.tests.SellerTest" class="method navigator-link" hash-for-method="testSellerBtnPresence">testSellerBtnPresence</a> <!-- method navigator-link -->
                      </span>
                      <br/>
                      <span>
                        <img src="passed.png" width="3%"/>
                        <a href="#" panel-name="suite-Flipkart_Automation_Suite" title="com.flipkart.tests.SellerTest" class="method navigator-link" hash-for-method="testSellerResetPasswordFunctionality">testSellerResetPasswordFunctionality</a> <!-- method navigator-link -->
                      </span>
                      <br/>
                      <span>
                        <img src="passed.png" width="3%"/>
                        <a href="#" panel-name="suite-Flipkart_Automation_Suite" title="com.flipkart.tests.SellerTest" class="method navigator-link" hash-for-method="testStartSellingBtnPresence">testStartSellingBtnPresence</a> <!-- method navigator-link -->
                      </span>
                      <br/>
                    </div> <!-- method-list-content passed suite-Flipkart_Automation_Suite -->
                  </li>
                </ul>
              </div> <!-- suite-section-content -->
            </div> <!-- result-section -->
          </div> <!-- navigator-suite-content -->
        </div> <!-- rounded-window -->
      </div> <!-- suite -->
    </div> <!-- navigator-root -->
    <div class="wrapper">
      <div class="main-panel-root">
        <div panel-name="suite-Flipkart_Automation_Suite" class="panel Flipkart_Automation_Suite">
          <div class="suite-Flipkart_Automation_Suite-class-failed">
            <div class="main-panel-header rounded-window-top">
              <img src="failed.png"/>
              <span class="class-name">com.flipkart.tests.AdvertisePageTest</span>
            </div> <!-- main-panel-header rounded-window-top -->
            <div class="main-panel-content rounded-window-bottom">
              <div class="method">
                <div class="method-content">
                  <a name="testAdsResetPasswordFunctionality">
                  </a> <!-- testAdsResetPasswordFunctionality -->
                  <span class="method-name">testAdsResetPasswordFunctionality</span>
                  <div class="stack-trace">org.openqa.selenium.StaleElementReferenceException: stale element reference: stale element not found in the current frame
  (Session info: chrome=126.0.6478.62)
For documentation on this error, please visit: https://www.selenium.dev/documentation/webdriver/troubleshooting/errors#stale-element-reference-exception
Build info: version: &apos;4.19.1&apos;, revision: &apos;abe0ee07dc&apos;
System info: os.name: &apos;Windows 10&apos;, os.arch: &apos;amd64&apos;, os.version: &apos;10.0&apos;, java.version: &apos;11.0.1&apos;
Driver info: org.openqa.selenium.chrome.ChromeDriver
Command: [de1e6aae536c269079d9f31997513447, isElementDisplayed {id=f.1ABB92403013D5D4F727538F90FE745A.d.CA03D57860155BB70414E2DECAE94CF7.e.130}]
Capabilities {acceptInsecureCerts: false, browserName: chrome, browserVersion: 126.0.6478.62, chrome: {chromedriverVersion: 126.0.6478.61 (8dc092df54ce..., userDataDir: C:\Users\AASHIS~1\AppData\L...}, fedcm:accounts: true, goog:chromeOptions: {debuggerAddress: localhost:55878}, networkConnectionEnabled: false, pageLoadStrategy: normal, platformName: windows, proxy: Proxy(), se:cdp: ws://localhost:55878/devtoo..., se:cdpVersion: 126.0.6478.62, setWindowRect: true, strictFileInteractability: false, timeouts: {implicit: 0, pageLoad: 300000, script: 30000}, unhandledPromptBehavior: dismiss and notify, webauthn:extension:credBlob: true, webauthn:extension:largeBlob: true, webauthn:extension:minPinLength: true, webauthn:extension:prf: true, webauthn:virtualAuthenticators: true}
Element: [[ChromeDriver: chrome on windows (de1e6aae536c269079d9f31997513447)] -&gt; css selector: .styles__Heading-sc-18s7njp-7.erLrxD]
Session ID: de1e6aae536c269079d9f31997513447
	at org.openqa.selenium.remote.ErrorCodec.decode(ErrorCodec.java:167)
	at org.openqa.selenium.remote.codec.w3c.W3CHttpResponseCodec.decode(W3CHttpResponseCodec.java:138)
	at org.openqa.selenium.remote.codec.w3c.W3CHttpResponseCodec.decode(W3CHttpResponseCodec.java:50)
	at org.openqa.selenium.remote.HttpCommandExecutor.execute(HttpCommandExecutor.java:190)
	at org.openqa.selenium.remote.service.DriverCommandExecutor.invokeExecute(DriverCommandExecutor.java:216)
	at org.openqa.selenium.remote.service.DriverCommandExecutor.execute(DriverCommandExecutor.java:174)
	at org.openqa.selenium.remote.RemoteWebDriver.execute(RemoteWebDriver.java:518)
	at org.openqa.selenium.remote.RemoteWebElement.execute(RemoteWebElement.java:223)
	at org.openqa.selenium.remote.RemoteWebElement.isDisplayed(RemoteWebElement.java:282)
	at org.openqa.selenium.support.pagefactory.internal.LocatingElementHandler.invoke(LocatingElementHandler.java:51)
	at com.sun.proxy.$Proxy27.isDisplayed(Unknown Source)
	at org.openqa.selenium.support.ui.ExpectedConditions.elementIfVisible(ExpectedConditions.java:304)
	at org.openqa.selenium.support.ui.ExpectedConditions$10.apply(ExpectedConditions.java:290)
	at org.openqa.selenium.support.ui.ExpectedConditions$10.apply(ExpectedConditions.java:287)
	at org.openqa.selenium.support.ui.FluentWait.until(FluentWait.java:203)
	at com.flipkart.utils.WaitUtils.waitForElementToBeVisible(WaitUtils.java:14)
	at com.flipkart.pages.AdvertisePage.isResetPasswordPageDisplayed(AdvertisePage.java:101)
	at com.flipkart.tests.AdvertisePageTest.testAdsResetPasswordFunctionality(AdvertisePageTest.java:75)
	at java.base/java.util.ArrayList.forEach(ArrayList.java:1540)
... Removed 39 stack frames
</div> <!-- stack-trace -->
                </div> <!-- method-content -->
              </div> <!-- method -->
            </div> <!-- main-panel-content rounded-window-bottom -->
          </div> <!-- suite-Flipkart_Automation_Suite-class-failed -->
          <div class="suite-Flipkart_Automation_Suite-class-failed">
            <div class="main-panel-header rounded-window-top">
              <img src="failed.png"/>
              <span class="class-name">com.flipkart.tests.SellerTest</span>
            </div> <!-- main-panel-header rounded-window-top -->
            <div class="main-panel-content rounded-window-bottom">
              <div class="method">
                <div class="method-content">
                  <a name="testSellerLoginFunctionality">
                  </a> <!-- testSellerLoginFunctionality -->
                  <span class="method-name">testSellerLoginFunctionality</span>
                  <div class="stack-trace">org.openqa.selenium.TimeoutException: Expected condition failed: waiting for visibility of Proxy element for: DefaultElementLocator &apos;By.xpath: //div[normalize-space()=&apos;Wrong user details. Please enter correct details to log in.*&apos;]&apos; (tried for 10 second(s) with 500 milliseconds interval)
	at org.openqa.selenium.support.ui.WebDriverWait.timeoutException(WebDriverWait.java:84)
	at org.openqa.selenium.support.ui.FluentWait.until(FluentWait.java:228)
	at com.flipkart.utils.WaitUtils.waitForElementToBeVisible(WaitUtils.java:14)
	at com.flipkart.pages.SellerPage.isCredentialsValid(SellerPage.java:121)
	at com.flipkart.tests.SellerTest.testSellerLoginFunctionality(SellerTest.java:63)
	at java.base/java.util.ArrayList.forEach(ArrayList.java:1540)
Caused by: org.openqa.selenium.NoSuchElementException: no such element: Unable to locate element: {&quot;method&quot;:&quot;xpath&quot;,&quot;selector&quot;:&quot;//div[normalize-space()=&apos;Wrong user details. Please enter correct details to log in.*&apos;]&quot;}
  (Session info: chrome=126.0.6478.62)
For documentation on this error, please visit: https://www.selenium.dev/documentation/webdriver/troubleshooting/errors#no-such-element-exception
Build info: version: &apos;4.19.1&apos;, revision: &apos;abe0ee07dc&apos;
System info: os.name: &apos;Windows 10&apos;, os.arch: &apos;amd64&apos;, os.version: &apos;10.0&apos;, java.version: &apos;11.0.1&apos;
Driver info: org.openqa.selenium.chrome.ChromeDriver
Command: [b5433df722461a9235d9df3563a62390, findElement {value=//div[normalize-space()=&apos;Wrong user details. Please enter correct details to log in.*&apos;], using=xpath}]
Capabilities {acceptInsecureCerts: false, browserName: chrome, browserVersion: 126.0.6478.62, chrome: {chromedriverVersion: 126.0.6478.61 (8dc092df54ce..., userDataDir: C:\Users\AASHIS~1\AppData\L...}, fedcm:accounts: true, goog:chromeOptions: {debuggerAddress: localhost:56842}, networkConnectionEnabled: false, pageLoadStrategy: normal, platformName: windows, proxy: Proxy(), se:cdp: ws://localhost:56842/devtoo..., se:cdpVersion: 126.0.6478.62, setWindowRect: true, strictFileInteractability: false, timeouts: {implicit: 0, pageLoad: 300000, script: 30000}, unhandledPromptBehavior: dismiss and notify, webauthn:extension:credBlob: true, webauthn:extension:largeBlob: true, webauthn:extension:minPinLength: true, webauthn:extension:prf: true, webauthn:virtualAuthenticators: true}
Session ID: b5433df722461a9235d9df3563a62390
	at org.openqa.selenium.remote.ErrorCodec.decode(ErrorCodec.java:167)
	at org.openqa.selenium.remote.codec.w3c.W3CHttpResponseCodec.decode(W3CHttpResponseCodec.java:138)
	at org.openqa.selenium.remote.codec.w3c.W3CHttpResponseCodec.decode(W3CHttpResponseCodec.java:50)
	at org.openqa.selenium.remote.HttpCommandExecutor.execute(HttpCommandExecutor.java:190)
	at org.openqa.selenium.remote.service.DriverCommandExecutor.invokeExecute(DriverCommandExecutor.java:216)
	at org.openqa.selenium.remote.service.DriverCommandExecutor.execute(DriverCommandExecutor.java:174)
	at org.openqa.selenium.remote.RemoteWebDriver.execute(RemoteWebDriver.java:518)
	at org.openqa.selenium.remote.ElementLocation$ElementFinder$2.findElement(ElementLocation.java:165)
	at org.openqa.selenium.remote.ElementLocation.findElement(ElementLocation.java:59)
	at org.openqa.selenium.remote.RemoteWebDriver.findElement(RemoteWebDriver.java:355)
	at org.openqa.selenium.remote.RemoteWebDriver.findElement(RemoteWebDriver.java:349)
	at org.openqa.selenium.support.pagefactory.DefaultElementLocator.findElement(DefaultElementLocator.java:68)
	at org.openqa.selenium.support.pagefactory.internal.LocatingElementHandler.invoke(LocatingElementHandler.java:38)
	at com.sun.proxy.$Proxy27.isDisplayed(Unknown Source)
	at org.openqa.selenium.support.ui.ExpectedConditions.elementIfVisible(ExpectedConditions.java:304)
	at org.openqa.selenium.support.ui.ExpectedConditions$10.apply(ExpectedConditions.java:290)
	at org.openqa.selenium.support.ui.ExpectedConditions$10.apply(ExpectedConditions.java:287)
	at org.openqa.selenium.support.ui.FluentWait.until(FluentWait.java:203)
	... 35 more
... Removed 35 stack frames
</div> <!-- stack-trace -->
                </div> <!-- method-content -->
              </div> <!-- method -->
            </div> <!-- main-panel-content rounded-window-bottom -->
          </div> <!-- suite-Flipkart_Automation_Suite-class-failed -->
          <div class="suite-Flipkart_Automation_Suite-class-passed">
            <div class="main-panel-header rounded-window-top">
              <img src="passed.png"/>
              <span class="class-name">com.flipkart.tests.HomeTest</span>
            </div> <!-- main-panel-header rounded-window-top -->
            <div class="main-panel-content rounded-window-bottom">
              <div class="method">
                <div class="method-content">
                  <a name="testFlipkartLogoVisibility">
                  </a> <!-- testFlipkartLogoVisibility -->
                  <span class="method-name">testFlipkartLogoVisibility</span>
                </div> <!-- method-content -->
              </div> <!-- method -->
              <div class="method">
                <div class="method-content">
                  <a name="testSearchBarFunctionality">
                  </a> <!-- testSearchBarFunctionality -->
                  <span class="method-name">testSearchBarFunctionality</span>
                </div> <!-- method-content -->
              </div> <!-- method -->
              <div class="method">
                <div class="method-content">
                  <a name="testSearchWithMisspelledQueries">
                  </a> <!-- testSearchWithMisspelledQueries -->
                  <span class="method-name">testSearchWithMisspelledQueries</span>
                </div> <!-- method-content -->
              </div> <!-- method -->
            </div> <!-- main-panel-content rounded-window-bottom -->
          </div> <!-- suite-Flipkart_Automation_Suite-class-passed -->
          <div class="suite-Flipkart_Automation_Suite-class-passed">
            <div class="main-panel-header rounded-window-top">
              <img src="passed.png"/>
              <span class="class-name">com.flipkart.tests.AdvertisePageTest</span>
            </div> <!-- main-panel-header rounded-window-top -->
            <div class="main-panel-content rounded-window-bottom">
              <div class="method">
                <div class="method-content">
                  <a name="testAdsEmptyResetPasswordFunctionality">
                  </a> <!-- testAdsEmptyResetPasswordFunctionality -->
                  <span class="method-name">testAdsEmptyResetPasswordFunctionality</span>
                </div> <!-- method-content -->
              </div> <!-- method -->
              <div class="method">
                <div class="method-content">
                  <a name="testInvalidLoginFunctionalityonAdsPage">
                  </a> <!-- testInvalidLoginFunctionalityonAdsPage -->
                  <span class="method-name">testInvalidLoginFunctionalityonAdsPage</span>
                </div> <!-- method-content -->
              </div> <!-- method -->
            </div> <!-- main-panel-content rounded-window-bottom -->
          </div> <!-- suite-Flipkart_Automation_Suite-class-passed -->
          <div class="suite-Flipkart_Automation_Suite-class-passed">
            <div class="main-panel-header rounded-window-top">
              <img src="passed.png"/>
              <span class="class-name">com.flipkart.tests.GroceryTest</span>
            </div> <!-- main-panel-header rounded-window-top -->
            <div class="main-panel-content rounded-window-bottom">
              <div class="method">
                <div class="method-content">
                  <a name="testGroceryInValidPincode">
                  </a> <!-- testGroceryInValidPincode -->
                  <span class="method-name">testGroceryInValidPincode</span>
                </div> <!-- method-content -->
              </div> <!-- method -->
              <div class="method">
                <div class="method-content">
                  <a name="testGrocerySearchBarFunctionality">
                  </a> <!-- testGrocerySearchBarFunctionality -->
                  <span class="method-name">testGrocerySearchBarFunctionality</span>
                </div> <!-- method-content -->
              </div> <!-- method -->
              <div class="method">
                <div class="method-content">
                  <a name="testGroceryValidPincode">
                  </a> <!-- testGroceryValidPincode -->
                  <span class="method-name">testGroceryValidPincode</span>
                </div> <!-- method-content -->
              </div> <!-- method -->
            </div> <!-- main-panel-content rounded-window-bottom -->
          </div> <!-- suite-Flipkart_Automation_Suite-class-passed -->
          <div class="suite-Flipkart_Automation_Suite-class-passed">
            <div class="main-panel-header rounded-window-top">
              <img src="passed.png"/>
              <span class="class-name">com.flipkart.tests.LoginTest</span>
            </div> <!-- main-panel-header rounded-window-top -->
            <div class="main-panel-content rounded-window-bottom">
              <div class="method">
                <div class="method-content">
                  <a name="testInvalidLoginFunctionality">
                  </a> <!-- testInvalidLoginFunctionality -->
                  <span class="method-name">testInvalidLoginFunctionality</span>
                </div> <!-- method-content -->
              </div> <!-- method -->
            </div> <!-- main-panel-content rounded-window-bottom -->
          </div> <!-- suite-Flipkart_Automation_Suite-class-passed -->
          <div class="suite-Flipkart_Automation_Suite-class-passed">
            <div class="main-panel-header rounded-window-top">
              <img src="passed.png"/>
              <span class="class-name">com.flipkart.tests.SellerTest</span>
            </div> <!-- main-panel-header rounded-window-top -->
            <div class="main-panel-content rounded-window-bottom">
              <div class="method">
                <div class="method-content">
                  <a name="testSellerBtnPresence">
                  </a> <!-- testSellerBtnPresence -->
                  <span class="method-name">testSellerBtnPresence</span>
                </div> <!-- method-content -->
              </div> <!-- method -->
              <div class="method">
                <div class="method-content">
                  <a name="testSellerResetPasswordFunctionality">
                  </a> <!-- testSellerResetPasswordFunctionality -->
                  <span class="method-name">testSellerResetPasswordFunctionality</span>
                </div> <!-- method-content -->
              </div> <!-- method -->
              <div class="method">
                <div class="method-content">
                  <a name="testStartSellingBtnPresence">
                  </a> <!-- testStartSellingBtnPresence -->
                  <span class="method-name">testStartSellingBtnPresence</span>
                </div> <!-- method-content -->
              </div> <!-- method -->
            </div> <!-- main-panel-content rounded-window-bottom -->
          </div> <!-- suite-Flipkart_Automation_Suite-class-passed -->
          <div class="suite-Flipkart_Automation_Suite-class-passed">
            <div class="main-panel-header rounded-window-top">
              <img src="passed.png"/>
              <span class="class-name">com.flipkart.tests.CartTest</span>
            </div> <!-- main-panel-header rounded-window-top -->
            <div class="main-panel-content rounded-window-bottom">
              <div class="method">
                <div class="method-content">
                  <a name="testAddProductToCart">
                  </a> <!-- testAddProductToCart -->
                  <span class="method-name">testAddProductToCart</span>
                </div> <!-- method-content -->
              </div> <!-- method -->
              <div class="method">
                <div class="method-content">
                  <a name="testBuyNowBtnFunctionality">
                  </a> <!-- testBuyNowBtnFunctionality -->
                  <span class="method-name">testBuyNowBtnFunctionality</span>
                </div> <!-- method-content -->
              </div> <!-- method -->
              <div class="method">
                <div class="method-content">
                  <a name="testRemoveProductFromCart">
                  </a> <!-- testRemoveProductFromCart -->
                  <span class="method-name">testRemoveProductFromCart</span>
                </div> <!-- method-content -->
              </div> <!-- method -->
            </div> <!-- main-panel-content rounded-window-bottom -->
          </div> <!-- suite-Flipkart_Automation_Suite-class-passed -->
          <div class="suite-Flipkart_Automation_Suite-class-passed">
            <div class="main-panel-header rounded-window-top">
              <img src="passed.png"/>
              <span class="class-name">com.flipkart.tests.HelpPageTest</span>
            </div> <!-- main-panel-header rounded-window-top -->
            <div class="main-panel-content rounded-window-bottom">
              <div class="method">
                <div class="method-content">
                  <a name="testHelpPageFeedbackNoBtnFunctionality">
                  </a> <!-- testHelpPageFeedbackNoBtnFunctionality -->
                  <span class="method-name">testHelpPageFeedbackNoBtnFunctionality</span>
                </div> <!-- method-content -->
              </div> <!-- method -->
              <div class="method">
                <div class="method-content">
                  <a name="testHelpPageFeedbackYesBtnFunctionality">
                  </a> <!-- testHelpPageFeedbackYesBtnFunctionality -->
                  <span class="method-name">testHelpPageFeedbackYesBtnFunctionality</span>
                </div> <!-- method-content -->
              </div> <!-- method -->
            </div> <!-- main-panel-content rounded-window-bottom -->
          </div> <!-- suite-Flipkart_Automation_Suite-class-passed -->
          <div class="suite-Flipkart_Automation_Suite-class-passed">
            <div class="main-panel-header rounded-window-top">
              <img src="passed.png"/>
              <span class="class-name">com.flipkart.tests.SellerRegisterPageTest</span>
            </div> <!-- main-panel-header rounded-window-top -->
            <div class="main-panel-content rounded-window-bottom">
              <div class="method">
                <div class="method-content">
                  <a name="testInvalidOtpFunctionality">
                  </a> <!-- testInvalidOtpFunctionality -->
                  <span class="method-name">testInvalidOtpFunctionality</span>
                </div> <!-- method-content -->
              </div> <!-- method -->
            </div> <!-- main-panel-content rounded-window-bottom -->
          </div> <!-- suite-Flipkart_Automation_Suite-class-passed -->
        </div> <!-- panel Flipkart_Automation_Suite -->
        <div panel-name="test-xml-Flipkart_Automation_Suite" class="panel">
          <div class="main-panel-header rounded-window-top">
            <span class="header-content">C:\Users\aashishkumar01\eclipse-workspace\FlipkartTesting\src\test\resources\testng.xml</span>
          </div> <!-- main-panel-header rounded-window-top -->
          <div class="main-panel-content rounded-window-bottom">
            <pre>
&lt;?xml version=&quot;1.0&quot; encoding=&quot;UTF-8&quot;?&gt;
&lt;!DOCTYPE suite SYSTEM &quot;https://testng.org/testng-1.0.dtd&quot;&gt;
&lt;suite name=&quot;Flipkart Automation Suite&quot; guice-stage=&quot;DEVELOPMENT&quot; verbose=&quot;0&quot;&gt;
  &lt;test thread-count=&quot;5&quot; name=&quot;AdvertisePageTest&quot; verbose=&quot;0&quot;&gt;
    &lt;groups&gt;
      &lt;run&gt;
        &lt;include name=&quot;advertise&quot;/&gt;
      &lt;/run&gt;
    &lt;/groups&gt;
    &lt;classes&gt;
      &lt;class name=&quot;com.flipkart.tests.AdvertisePageTest&quot;/&gt;
    &lt;/classes&gt;
  &lt;/test&gt; &lt;!-- AdvertisePageTest --&gt;
  &lt;test thread-count=&quot;5&quot; name=&quot;CartTest&quot; verbose=&quot;0&quot;&gt;
    &lt;groups&gt;
      &lt;run&gt;
        &lt;include name=&quot;cart&quot;/&gt;
      &lt;/run&gt;
    &lt;/groups&gt;
    &lt;classes&gt;
      &lt;class name=&quot;com.flipkart.tests.CartTest&quot;/&gt;
    &lt;/classes&gt;
  &lt;/test&gt; &lt;!-- CartTest --&gt;
  &lt;test thread-count=&quot;5&quot; name=&quot;GroceryTest&quot; verbose=&quot;0&quot;&gt;
    &lt;groups&gt;
      &lt;run&gt;
        &lt;include name=&quot;grocery&quot;/&gt;
      &lt;/run&gt;
    &lt;/groups&gt;
    &lt;classes&gt;
      &lt;class name=&quot;com.flipkart.tests.GroceryTest&quot;/&gt;
    &lt;/classes&gt;
  &lt;/test&gt; &lt;!-- GroceryTest --&gt;
  &lt;test thread-count=&quot;5&quot; name=&quot;HelpPageTest&quot; verbose=&quot;0&quot;&gt;
    &lt;groups&gt;
      &lt;run&gt;
        &lt;include name=&quot;help&quot;/&gt;
      &lt;/run&gt;
    &lt;/groups&gt;
    &lt;classes&gt;
      &lt;class name=&quot;com.flipkart.tests.HelpPageTest&quot;/&gt;
    &lt;/classes&gt;
  &lt;/test&gt; &lt;!-- HelpPageTest --&gt;
  &lt;test thread-count=&quot;5&quot; name=&quot;HomeTest&quot; verbose=&quot;0&quot;&gt;
    &lt;groups&gt;
      &lt;run&gt;
        &lt;include name=&quot;home&quot;/&gt;
      &lt;/run&gt;
    &lt;/groups&gt;
    &lt;classes&gt;
      &lt;class name=&quot;com.flipkart.tests.HomeTest&quot;/&gt;
    &lt;/classes&gt;
  &lt;/test&gt; &lt;!-- HomeTest --&gt;
  &lt;test thread-count=&quot;5&quot; name=&quot;LoginTest&quot; verbose=&quot;0&quot;&gt;
    &lt;groups&gt;
      &lt;run&gt;
        &lt;include name=&quot;login&quot;/&gt;
      &lt;/run&gt;
    &lt;/groups&gt;
    &lt;classes&gt;
      &lt;class name=&quot;com.flipkart.tests.LoginTest&quot;/&gt;
    &lt;/classes&gt;
  &lt;/test&gt; &lt;!-- LoginTest --&gt;
  &lt;test thread-count=&quot;5&quot; name=&quot;SellerRegisterPageTest&quot; verbose=&quot;0&quot;&gt;
    &lt;groups&gt;
      &lt;run&gt;
        &lt;include name=&quot;sellerRegister&quot;/&gt;
      &lt;/run&gt;
    &lt;/groups&gt;
    &lt;classes&gt;
      &lt;class name=&quot;com.flipkart.tests.SellerRegisterPageTest&quot;/&gt;
    &lt;/classes&gt;
  &lt;/test&gt; &lt;!-- SellerRegisterPageTest --&gt;
  &lt;test thread-count=&quot;5&quot; name=&quot;SellerTest&quot; verbose=&quot;0&quot;&gt;
    &lt;groups&gt;
      &lt;run&gt;
        &lt;include name=&quot;seller&quot;/&gt;
      &lt;/run&gt;
    &lt;/groups&gt;
    &lt;classes&gt;
      &lt;class name=&quot;com.flipkart.tests.SellerTest&quot;/&gt;
    &lt;/classes&gt;
  &lt;/test&gt; &lt;!-- SellerTest --&gt;
&lt;/suite&gt; &lt;!-- Flipkart Automation Suite --&gt;
            </pre>
          </div> <!-- main-panel-content rounded-window-bottom -->
        </div> <!-- panel -->
        <div panel-name="testlist-Flipkart_Automation_Suite" class="panel">
          <div class="main-panel-header rounded-window-top">
            <span class="header-content">Tests for Flipkart Automation Suite</span>
          </div> <!-- main-panel-header rounded-window-top -->
          <div class="main-panel-content rounded-window-bottom">
            <ul>
              <li>
                <span class="test-name">AdvertisePageTest (1 class)</span>
              </li>
              <li>
                <span class="test-name">CartTest (1 class)</span>
              </li>
              <li>
                <span class="test-name">GroceryTest (1 class)</span>
              </li>
              <li>
                <span class="test-name">HelpPageTest (1 class)</span>
              </li>
              <li>
                <span class="test-name">HomeTest (1 class)</span>
              </li>
              <li>
                <span class="test-name">LoginTest (1 class)</span>
              </li>
              <li>
                <span class="test-name">SellerRegisterPageTest (1 class)</span>
              </li>
              <li>
                <span class="test-name">SellerTest (1 class)</span>
              </li>
            </ul>
          </div> <!-- main-panel-content rounded-window-bottom -->
        </div> <!-- panel -->
        <div panel-name="group-Flipkart_Automation_Suite" class="panel">
          <div class="main-panel-header rounded-window-top">
            <span class="header-content">Groups for Flipkart Automation Suite</span>
          </div> <!-- main-panel-header rounded-window-top -->
          <div class="main-panel-content rounded-window-bottom">
            <div class="test-group">
              <span class="test-group-name">advertise</span>
              <br/>
              <div class="method-in-group">
                <span class="method-in-group-name">testAdsEmptyResetPasswordFunctionality</span>
                <br/>
              </div> <!-- method-in-group -->
              <div class="method-in-group">
                <span class="method-in-group-name">testAdsResetPasswordFunctionality</span>
                <br/>
              </div> <!-- method-in-group -->
              <div class="method-in-group">
                <span class="method-in-group-name">testInvalidLoginFunctionalityonAdsPage</span>
                <br/>
              </div> <!-- method-in-group -->
            </div> <!-- test-group -->
            <div class="test-group">
              <span class="test-group-name">cart</span>
              <br/>
              <div class="method-in-group">
                <span class="method-in-group-name">testAddProductToCart</span>
                <br/>
              </div> <!-- method-in-group -->
              <div class="method-in-group">
                <span class="method-in-group-name">testBuyNowBtnFunctionality</span>
                <br/>
              </div> <!-- method-in-group -->
              <div class="method-in-group">
                <span class="method-in-group-name">testRemoveProductFromCart</span>
                <br/>
              </div> <!-- method-in-group -->
            </div> <!-- test-group -->
            <div class="test-group">
              <span class="test-group-name">grocery</span>
              <br/>
              <div class="method-in-group">
                <span class="method-in-group-name">testGroceryInValidPincode</span>
                <br/>
              </div> <!-- method-in-group -->
              <div class="method-in-group">
                <span class="method-in-group-name">testGrocerySearchBarFunctionality</span>
                <br/>
              </div> <!-- method-in-group -->
              <div class="method-in-group">
                <span class="method-in-group-name">testGroceryValidPincode</span>
                <br/>
              </div> <!-- method-in-group -->
            </div> <!-- test-group -->
            <div class="test-group">
              <span class="test-group-name">help</span>
              <br/>
              <div class="method-in-group">
                <span class="method-in-group-name">testHelpPageFeedbackNoBtnFunctionality</span>
                <br/>
              </div> <!-- method-in-group -->
              <div class="method-in-group">
                <span class="method-in-group-name">testHelpPageFeedbackYesBtnFunctionality</span>
                <br/>
              </div> <!-- method-in-group -->
            </div> <!-- test-group -->
            <div class="test-group">
              <span class="test-group-name">home</span>
              <br/>
              <div class="method-in-group">
                <span class="method-in-group-name">testFlipkartLogoVisibility</span>
                <br/>
              </div> <!-- method-in-group -->
              <div class="method-in-group">
                <span class="method-in-group-name">testSearchBarFunctionality</span>
                <br/>
              </div> <!-- method-in-group -->
              <div class="method-in-group">
                <span class="method-in-group-name">testSearchWithMisspelledQueries</span>
                <br/>
              </div> <!-- method-in-group -->
            </div> <!-- test-group -->
            <div class="test-group">
              <span class="test-group-name">login</span>
              <br/>
              <div class="method-in-group">
                <span class="method-in-group-name">testInvalidLoginFunctionality</span>
                <br/>
              </div> <!-- method-in-group -->
            </div> <!-- test-group -->
            <div class="test-group">
              <span class="test-group-name">seller</span>
              <br/>
              <div class="method-in-group">
                <span class="method-in-group-name">testSellerBtnPresence</span>
                <br/>
              </div> <!-- method-in-group -->
              <div class="method-in-group">
                <span class="method-in-group-name">testSellerLoginFunctionality</span>
                <br/>
              </div> <!-- method-in-group -->
              <div class="method-in-group">
                <span class="method-in-group-name">testSellerResetPasswordFunctionality</span>
                <br/>
              </div> <!-- method-in-group -->
              <div class="method-in-group">
                <span class="method-in-group-name">testStartSellingBtnPresence</span>
                <br/>
              </div> <!-- method-in-group -->
            </div> <!-- test-group -->
            <div class="test-group">
              <span class="test-group-name">sellerRegister</span>
              <br/>
              <div class="method-in-group">
                <span class="method-in-group-name">testInvalidOtpFunctionality</span>
                <br/>
              </div> <!-- method-in-group -->
            </div> <!-- test-group -->
          </div> <!-- main-panel-content rounded-window-bottom -->
        </div> <!-- panel -->
        <div panel-name="times-Flipkart_Automation_Suite" class="panel">
          <div class="main-panel-header rounded-window-top">
            <span class="header-content">Times for Flipkart Automation Suite</span>
          </div> <!-- main-panel-header rounded-window-top -->
          <div class="main-panel-content rounded-window-bottom">
            <div class="times-div">
              <script type="text/javascript">
suiteTableInitFunctions.push('tableData_Flipkart_Automation_Suite');
function tableData_Flipkart_Automation_Suite() {
var data = new google.visualization.DataTable();
data.addColumn('number', 'Number');
data.addColumn('string', 'Method');
data.addColumn('string', 'Class');
data.addColumn('number', 'Time (ms)');
data.addRows(20);
data.setCell(0, 0, 0)
data.setCell(0, 1, 'testSellerLoginFunctionality')
data.setCell(0, 2, 'com.flipkart.tests.SellerTest')
data.setCell(0, 3, 24710);
data.setCell(1, 0, 1)
data.setCell(1, 1, 'testAddProductToCart')
data.setCell(1, 2, 'com.flipkart.tests.CartTest')
data.setCell(1, 3, 14106);
data.setCell(2, 0, 2)
data.setCell(2, 1, 'testSearchWithMisspelledQueries')
data.setCell(2, 2, 'com.flipkart.tests.HomeTest')
data.setCell(2, 3, 12770);
data.setCell(3, 0, 3)
data.setCell(3, 1, 'testRemoveProductFromCart')
data.setCell(3, 2, 'com.flipkart.tests.CartTest')
data.setCell(3, 3, 12311);
data.setCell(4, 0, 4)
data.setCell(4, 1, 'testBuyNowBtnFunctionality')
data.setCell(4, 2, 'com.flipkart.tests.CartTest')
data.setCell(4, 3, 8844);
data.setCell(5, 0, 5)
data.setCell(5, 1, 'testInvalidOtpFunctionality')
data.setCell(5, 2, 'com.flipkart.tests.SellerRegisterPageTest')
data.setCell(5, 3, 8685);
data.setCell(6, 0, 6)
data.setCell(6, 1, 'testSellerResetPasswordFunctionality')
data.setCell(6, 2, 'com.flipkart.tests.SellerTest')
data.setCell(6, 3, 6474);
data.setCell(7, 0, 7)
data.setCell(7, 1, 'testGroceryValidPincode')
data.setCell(7, 2, 'com.flipkart.tests.GroceryTest')
data.setCell(7, 3, 4257);
data.setCell(8, 0, 8)
data.setCell(8, 1, 'testInvalidLoginFunctionality')
data.setCell(8, 2, 'com.flipkart.tests.LoginTest')
data.setCell(8, 3, 4009);
data.setCell(9, 0, 9)
data.setCell(9, 1, 'testStartSellingBtnPresence')
data.setCell(9, 2, 'com.flipkart.tests.SellerTest')
data.setCell(9, 3, 3670);
data.setCell(10, 0, 10)
data.setCell(10, 1, 'testInvalidLoginFunctionalityonAdsPage')
data.setCell(10, 2, 'com.flipkart.tests.AdvertisePageTest')
data.setCell(10, 3, 3652);
data.setCell(11, 0, 11)
data.setCell(11, 1, 'testHelpPageFeedbackNoBtnFunctionality')
data.setCell(11, 2, 'com.flipkart.tests.HelpPageTest')
data.setCell(11, 3, 3388);
data.setCell(12, 0, 12)
data.setCell(12, 1, 'testSearchBarFunctionality')
data.setCell(12, 2, 'com.flipkart.tests.HomeTest')
data.setCell(12, 3, 2904);
data.setCell(13, 0, 13)
data.setCell(13, 1, 'testAdsResetPasswordFunctionality')
data.setCell(13, 2, 'com.flipkart.tests.AdvertisePageTest')
data.setCell(13, 3, 2827);
data.setCell(14, 0, 14)
data.setCell(14, 1, 'testHelpPageFeedbackYesBtnFunctionality')
data.setCell(14, 2, 'com.flipkart.tests.HelpPageTest')
data.setCell(14, 3, 2620);
data.setCell(15, 0, 15)
data.setCell(15, 1, 'testGroceryInValidPincode')
data.setCell(15, 2, 'com.flipkart.tests.GroceryTest')
data.setCell(15, 3, 2485);
data.setCell(16, 0, 16)
data.setCell(16, 1, 'testGrocerySearchBarFunctionality')
data.setCell(16, 2, 'com.flipkart.tests.GroceryTest')
data.setCell(16, 3, 2286);
data.setCell(17, 0, 17)
data.setCell(17, 1, 'testAdsEmptyResetPasswordFunctionality')
data.setCell(17, 2, 'com.flipkart.tests.AdvertisePageTest')
data.setCell(17, 3, 2156);
data.setCell(18, 0, 18)
data.setCell(18, 1, 'testSellerBtnPresence')
data.setCell(18, 2, 'com.flipkart.tests.SellerTest')
data.setCell(18, 3, 259);
data.setCell(19, 0, 19)
data.setCell(19, 1, 'testFlipkartLogoVisibility')
data.setCell(19, 2, 'com.flipkart.tests.HomeTest')
data.setCell(19, 3, 232);
window.suiteTableData['Flipkart_Automation_Suite']= { tableData: data, tableDiv: 'times-div-Flipkart_Automation_Suite'}
return data;
}
              </script>
              <span class="suite-total-time">Total running time: 2 minutes</span>
              <div id="times-div-Flipkart_Automation_Suite">
              </div> <!-- times-div-Flipkart_Automation_Suite -->
            </div> <!-- times-div -->
          </div> <!-- main-panel-content rounded-window-bottom -->
        </div> <!-- panel -->
        <div panel-name="reporter-Flipkart_Automation_Suite" class="panel">
          <div class="main-panel-header rounded-window-top">
            <span class="header-content">Reporter output for Flipkart Automation Suite</span>
          </div> <!-- main-panel-header rounded-window-top -->
          <div class="main-panel-content rounded-window-bottom">
          </div> <!-- main-panel-content rounded-window-bottom -->
        </div> <!-- panel -->
        <div panel-name="ignored-methods-Flipkart_Automation_Suite" class="panel">
          <div class="main-panel-header rounded-window-top">
            <span class="header-content">2 ignored methods</span>
          </div> <!-- main-panel-header rounded-window-top -->
          <div class="main-panel-content rounded-window-bottom">
            <div class="ignored-class-div">
              <span class="ignored-class-name">com.flipkart.tests.GroceryTest</span>
              <div class="ignored-methods-div">
                <span class="ignored-method-name">testGroceryRemoveItems</span>
                <br/>
                <span class="ignored-method-name">testGroceryAddItems</span>
                <br/>
              </div> <!-- ignored-methods-div -->
            </div> <!-- ignored-class-div -->
          </div> <!-- main-panel-content rounded-window-bottom -->
        </div> <!-- panel -->
        <div panel-name="chronological-Flipkart_Automation_Suite" class="panel">
          <div class="main-panel-header rounded-window-top">
            <span class="header-content">Methods in chronological order</span>
          </div> <!-- main-panel-header rounded-window-top -->
          <div class="main-panel-content rounded-window-bottom">
            <div class="chronological-class">
              <div class="chronological-class-name">com.flipkart.tests.SellerTest</div> <!-- chronological-class-name -->
              <div class="configuration-suite before">
                <span class="method-name">beforesuite</span>
                <span class="method-start">0 ms</span>
              </div> <!-- configuration-suite before -->
            </div> <!-- chronological-class -->
            <div class="chronological-class">
              <div class="chronological-class-name">com.flipkart.tests.AdvertisePageTest</div> <!-- chronological-class-name -->
              <div class="configuration-method before">
                <span class="method-name">setup(public void com.flipkart.tests.AdvertisePageTest.testInvalidLoginFunctionalityonAdsPage())</span>
                <span class="method-start">1234 ms</span>
              </div> <!-- configuration-method before -->
              <div class="test-method">
                <span class="method-name">testInvalidLoginFunctionalityonAdsPage</span>
                <span class="method-start">10165 ms</span>
              </div> <!-- test-method -->
              <div class="configuration-method after">
                <span class="method-name">teardown([TestResult name=testInvalidLoginFunctionalityonAdsPage status=SUCCESS method=AdvertisePageTest.test...)</span>
                <span class="method-start">13821 ms</span>
              </div> <!-- configuration-method after -->
              <div class="configuration-method before">
                <span class="method-name">setup(public void com.flipkart.tests.AdvertisePageTest.testAdsResetPasswordFunctionality())</span>
                <span class="method-start">15902 ms</span>
              </div> <!-- configuration-method before -->
              <div class="test-method">
                <img src="failed.png">
                </img>
                <span class="method-name">testAdsResetPasswordFunctionality</span>
                <span class="method-start">21402 ms</span>
              </div> <!-- test-method -->
              <div class="configuration-method after">
                <span class="method-name">teardown([TestResult name=testAdsResetPasswordFunctionality status=FAILURE method=AdvertisePageTest.testAdsRe...)</span>
                <span class="method-start">24251 ms</span>
              </div> <!-- configuration-method after -->
              <div class="configuration-method before">
                <span class="method-name">setup(public void com.flipkart.tests.AdvertisePageTest.testAdsEmptyResetPasswordFunctionality())</span>
                <span class="method-start">26309 ms</span>
              </div> <!-- configuration-method before -->
              <div class="test-method">
                <span class="method-name">testAdsEmptyResetPasswordFunctionality</span>
                <span class="method-start">31289 ms</span>
              </div> <!-- test-method -->
              <div class="configuration-method after">
                <span class="method-name">teardown([TestResult name=testAdsEmptyResetPasswordFunctionality status=SUCCESS method=AdvertisePageTest.test...)</span>
                <span class="method-start">33446 ms</span>
              </div> <!-- configuration-method after -->
            </div> <!-- chronological-class -->
            <div class="chronological-class">
              <div class="chronological-class-name">com.flipkart.tests.CartTest</div> <!-- chronological-class-name -->
              <div class="configuration-method before">
                <span class="method-name">setup(public void com.flipkart.tests.CartTest.testAddProductToCart() throws java.lang.InterruptedException)</span>
                <span class="method-start">35064 ms</span>
              </div> <!-- configuration-method before -->
              <div class="test-method">
                <span class="method-name">testAddProductToCart</span>
                <span class="method-start">38572 ms</span>
              </div> <!-- test-method -->
              <div class="configuration-method after">
                <span class="method-name">teardown([TestResult name=testAddProductToCart status=SUCCESS method=CartTest.testAddProductToCart()[pri:1, i...)</span>
                <span class="method-start">52678 ms</span>
              </div> <!-- configuration-method after -->
              <div class="configuration-method before">
                <span class="method-name">setup(public void com.flipkart.tests.CartTest.testRemoveProductFromCart() throws java.lang.InterruptedExce...)</span>
                <span class="method-start">54245 ms</span>
              </div> <!-- configuration-method before -->
              <div class="test-method">
                <span class="method-name">testRemoveProductFromCart</span>
                <span class="method-start">58981 ms</span>
              </div> <!-- test-method -->
              <div class="configuration-method after">
                <span class="method-name">teardown([TestResult name=testRemoveProductFromCart status=SUCCESS method=CartTest.testRemoveProductFromCart(...)</span>
                <span class="method-start">71293 ms</span>
              </div> <!-- configuration-method after -->
              <div class="configuration-method before">
                <span class="method-name">setup(public void com.flipkart.tests.CartTest.testBuyNowBtnFunctionality() throws java.lang.InterruptedExc...)</span>
                <span class="method-start">72922 ms</span>
              </div> <!-- configuration-method before -->
              <div class="test-method">
                <span class="method-name">testBuyNowBtnFunctionality</span>
                <span class="method-start">77746 ms</span>
              </div> <!-- test-method -->
              <div class="configuration-method after">
                <span class="method-name">teardown([TestResult name=testBuyNowBtnFunctionality status=SUCCESS method=CartTest.testBuyNowBtnFunctionalit...)</span>
                <span class="method-start">86591 ms</span>
              </div> <!-- configuration-method after -->
            </div> <!-- chronological-class -->
            <div class="chronological-class">
              <div class="chronological-class-name">com.flipkart.tests.GroceryTest</div> <!-- chronological-class-name -->
              <div class="configuration-method before">
                <span class="method-name">setup(public void com.flipkart.tests.GroceryTest.testGroceryValidPincode() throws java.lang.InterruptedExc...)</span>
                <span class="method-start">88157 ms</span>
              </div> <!-- configuration-method before -->
              <div class="test-method">
                <span class="method-name">testGroceryValidPincode</span>
                <span class="method-start">93163 ms</span>
              </div> <!-- test-method -->
              <div class="configuration-method after">
                <span class="method-name">teardown([TestResult name=testGroceryValidPincode status=SUCCESS method=GroceryTest.testGroceryValidPincode()...)</span>
                <span class="method-start">97421 ms</span>
              </div> <!-- configuration-method after -->
              <div class="configuration-method before">
                <span class="method-name">setup(public void com.flipkart.tests.GroceryTest.testGroceryInValidPincode() throws java.lang.InterruptedE...)</span>
                <span class="method-start">99560 ms</span>
              </div> <!-- configuration-method before -->
              <div class="test-method">
                <span class="method-name">testGroceryInValidPincode</span>
                <span class="method-start">104539 ms</span>
              </div> <!-- test-method -->
              <div class="configuration-method after">
                <span class="method-name">teardown([TestResult name=testGroceryInValidPincode status=SUCCESS method=GroceryTest.testGroceryInValidPinco...)</span>
                <span class="method-start">107025 ms</span>
              </div> <!-- configuration-method after -->
              <div class="configuration-method before">
                <span class="method-name">setup(public void com.flipkart.tests.GroceryTest.testGrocerySearchBarFunctionality())</span>
                <span class="method-start">108666 ms</span>
              </div> <!-- configuration-method before -->
              <div class="test-method">
                <span class="method-name">testGrocerySearchBarFunctionality</span>
                <span class="method-start">113371 ms</span>
              </div> <!-- test-method -->
              <div class="configuration-method after">
                <span class="method-name">teardown([TestResult name=testGrocerySearchBarFunctionality status=SUCCESS method=GroceryTest.testGrocerySear...)</span>
                <span class="method-start">115657 ms</span>
              </div> <!-- configuration-method after -->
            </div> <!-- chronological-class -->
            <div class="chronological-class">
              <div class="chronological-class-name">com.flipkart.tests.HelpPageTest</div> <!-- chronological-class-name -->
              <div class="configuration-method before">
                <span class="method-name">setup(public void com.flipkart.tests.HelpPageTest.testHelpPageFeedbackYesBtnFunctionality())</span>
                <span class="method-start">117353 ms</span>
              </div> <!-- configuration-method before -->
              <div class="test-method">
                <span class="method-name">testHelpPageFeedbackYesBtnFunctionality</span>
                <span class="method-start">122290 ms</span>
              </div> <!-- test-method -->
              <div class="configuration-method after">
                <span class="method-name">teardown([TestResult name=testHelpPageFeedbackYesBtnFunctionality status=SUCCESS method=HelpPageTest.testHelp...)</span>
                <span class="method-start">124911 ms</span>
              </div> <!-- configuration-method after -->
              <div class="configuration-method before">
                <span class="method-name">setup(public void com.flipkart.tests.HelpPageTest.testHelpPageFeedbackNoBtnFunctionality())</span>
                <span class="method-start">126118 ms</span>
              </div> <!-- configuration-method before -->
              <div class="test-method">
                <span class="method-name">testHelpPageFeedbackNoBtnFunctionality</span>
                <span class="method-start">130960 ms</span>
              </div> <!-- test-method -->
              <div class="configuration-method after">
                <span class="method-name">teardown([TestResult name=testHelpPageFeedbackNoBtnFunctionality status=SUCCESS method=HelpPageTest.testHelpP...)</span>
                <span class="method-start">134349 ms</span>
              </div> <!-- configuration-method after -->
            </div> <!-- chronological-class -->
            <div class="chronological-class">
              <div class="chronological-class-name">com.flipkart.tests.HomeTest</div> <!-- chronological-class-name -->
              <div class="configuration-method before">
                <span class="method-name">setup(public void com.flipkart.tests.HomeTest.testFlipkartLogoVisibility())</span>
                <span class="method-start">135787 ms</span>
              </div> <!-- configuration-method before -->
              <div class="test-method">
                <span class="method-name">testFlipkartLogoVisibility</span>
                <span class="method-start">140672 ms</span>
              </div> <!-- test-method -->
              <div class="configuration-method after">
                <span class="method-name">teardown([TestResult name=testFlipkartLogoVisibility status=SUCCESS method=HomeTest.testFlipkartLogoVisibilit...)</span>
                <span class="method-start">140907 ms</span>
              </div> <!-- configuration-method after -->
              <div class="configuration-method before">
                <span class="method-name">setup(public void com.flipkart.tests.HomeTest.testSearchBarFunctionality())</span>
                <span class="method-start">142597 ms</span>
              </div> <!-- configuration-method before -->
              <div class="test-method">
                <span class="method-name">testSearchBarFunctionality</span>
                <span class="method-start">147260 ms</span>
              </div> <!-- test-method -->
              <div class="configuration-method after">
                <span class="method-name">teardown([TestResult name=testSearchBarFunctionality status=SUCCESS method=HomeTest.testSearchBarFunctionalit...)</span>
                <span class="method-start">150166 ms</span>
              </div> <!-- configuration-method after -->
              <div class="configuration-method before">
                <span class="method-name">setup(public void com.flipkart.tests.HomeTest.testSearchWithMisspelledQueries())</span>
                <span class="method-start">151645 ms</span>
              </div> <!-- configuration-method before -->
              <div class="test-method">
                <span class="method-name">testSearchWithMisspelledQueries</span>
                <span class="method-start">156655 ms</span>
              </div> <!-- test-method -->
              <div class="configuration-method after">
                <span class="method-name">teardown([TestResult name=testSearchWithMisspelledQueries status=SUCCESS method=HomeTest.testSearchWithMisspe...)</span>
                <span class="method-start">169426 ms</span>
              </div> <!-- configuration-method after -->
            </div> <!-- chronological-class -->
            <div class="chronological-class">
              <div class="chronological-class-name">com.flipkart.tests.LoginTest</div> <!-- chronological-class-name -->
              <div class="configuration-method before">
                <span class="method-name">setup(public void com.flipkart.tests.LoginTest.testInvalidLoginFunctionality())</span>
                <span class="method-start">171340 ms</span>
              </div> <!-- configuration-method before -->
              <div class="test-method">
                <span class="method-name">testInvalidLoginFunctionality</span>
                <span class="method-start">176771 ms</span>
              </div> <!-- test-method -->
              <div class="configuration-method after">
                <span class="method-name">teardown([TestResult name=testInvalidLoginFunctionality status=SUCCESS method=LoginTest.testInvalidLoginFunct...)</span>
                <span class="method-start">180781 ms</span>
              </div> <!-- configuration-method after -->
            </div> <!-- chronological-class -->
            <div class="chronological-class">
              <div class="chronological-class-name">com.flipkart.tests.SellerRegisterPageTest</div> <!-- chronological-class-name -->
              <div class="configuration-method before">
                <span class="method-name">setup(public void com.flipkart.tests.SellerRegisterPageTest.testInvalidOtpFunctionality())</span>
                <span class="method-start">182565 ms</span>
              </div> <!-- configuration-method before -->
              <div class="test-method">
                <span class="method-name">testInvalidOtpFunctionality</span>
                <span class="method-start">187664 ms</span>
              </div> <!-- test-method -->
              <div class="configuration-method after">
                <span class="method-name">teardown([TestResult name=testInvalidOtpFunctionality status=SUCCESS method=SellerRegisterPageTest.testInvali...)</span>
                <span class="method-start">196349 ms</span>
              </div> <!-- configuration-method after -->
            </div> <!-- chronological-class -->
            <div class="chronological-class">
              <div class="chronological-class-name">com.flipkart.tests.SellerTest</div> <!-- chronological-class-name -->
              <div class="configuration-method before">
                <span class="method-name">setup(public void com.flipkart.tests.SellerTest.testSellerBtnPresence())</span>
                <span class="method-start">197903 ms</span>
              </div> <!-- configuration-method before -->
              <div class="test-method">
                <span class="method-name">testSellerBtnPresence</span>
                <span class="method-start">204396 ms</span>
              </div> <!-- test-method -->
              <div class="configuration-method after">
                <span class="method-name">teardown([TestResult name=testSellerBtnPresence status=SUCCESS method=SellerTest.testSellerBtnPresence()[pri:...)</span>
                <span class="method-start">204656 ms</span>
              </div> <!-- configuration-method after -->
              <div class="configuration-method before">
                <span class="method-name">setup(public void com.flipkart.tests.SellerTest.testSellerLoginFunctionality())</span>
                <span class="method-start">206464 ms</span>
              </div> <!-- configuration-method before -->
              <div class="test-method">
                <img src="failed.png">
                </img>
                <span class="method-name">testSellerLoginFunctionality</span>
                <span class="method-start">211138 ms</span>
              </div> <!-- test-method -->
              <div class="configuration-method after">
                <span class="method-name">teardown([TestResult name=testSellerLoginFunctionality status=FAILURE method=SellerTest.testSellerLoginFuncti...)</span>
                <span class="method-start">235849 ms</span>
              </div> <!-- configuration-method after -->
              <div class="configuration-method before">
                <span class="method-name">setup(public void com.flipkart.tests.SellerTest.testSellerResetPasswordFunctionality())</span>
                <span class="method-start">237189 ms</span>
              </div> <!-- configuration-method before -->
              <div class="test-method">
                <span class="method-name">testSellerResetPasswordFunctionality</span>
                <span class="method-start">242967 ms</span>
              </div> <!-- test-method -->
              <div class="configuration-method after">
                <span class="method-name">teardown([TestResult name=testSellerResetPasswordFunctionality status=SUCCESS method=SellerTest.testSellerRes...)</span>
                <span class="method-start">249442 ms</span>
              </div> <!-- configuration-method after -->
              <div class="configuration-method before">
                <span class="method-name">setup(public void com.flipkart.tests.SellerTest.testStartSellingBtnPresence())</span>
                <span class="method-start">251068 ms</span>
              </div> <!-- configuration-method before -->
              <div class="test-method">
                <span class="method-name">testStartSellingBtnPresence</span>
                <span class="method-start">256067 ms</span>
              </div> <!-- test-method -->
              <div class="configuration-method after">
                <span class="method-name">teardown([TestResult name=testStartSellingBtnPresence status=SUCCESS method=SellerTest.testStartSellingBtnPre...)</span>
                <span class="method-start">259738 ms</span>
              </div> <!-- configuration-method after -->
          </div> <!-- main-panel-content rounded-window-bottom -->
        </div> <!-- panel -->
      </div> <!-- main-panel-root -->
    </div> <!-- wrapper -->
  </body>
<script type="text/javascript" src="testng-reports2.js"></script>
</html>
